<?xml version="1.0" encoding="UTF-8"?>
<!-- Generated by org.testng.reporters.JUnitReportReporter -->
<testsuite hostname="DESKTOP-O29M3KL" failures="0" tests="1" name="testcases.AssertcreatecambaseTest" time="7.321" errors="0" timestamp="2025-07-26T12:58:37 IST" skipped="0">
  <testcase classname="testcases.AssertcreatecambaseTest" name="createcampaign" time="7.321">
    <system-out>
      <![CDATA[====createcampaign PASSED ====]]>
    </system-out>
  </testcase> <!-- createcampaign -->
  <system-out>
    <![CDATA[report configuration
DB Connectivity open
====createcampaign PASSED ====]]>
  </system-out>
</testsuite> <!-- testcases.AssertcreatecambaseTest -->
