<?xml version="1.0" encoding="UTF-8"?>
<!-- Generated by org.testng.reporters.JUnitReportReporter -->
<testsuite hostname="DESKTOP-O29M3KL" failures="0" tests="1" name="testcases.HardAssert" time="7.207" errors="0" timestamp="2025-07-23T16:29:05 IST" skipped="0">
  <testcase classname="testcases.HardAssert" name="createcampaign" time="7.207">
    <system-out>
      <![CDATA[==== createcampaign PASSED ====
====createcampaign PASSED ====]]>
    </system-out>
  </testcase> <!-- createcampaign -->
  <system-out>
    <![CDATA[report configuration
report configuration
DB Connectivity open
==== createcampaign PASSED ====
====createcampaign PASSED ====
==== createcampaign PASSED ====
====createcampaign PASSED ====
==== campaignstatus FAILED ====
====campaignstatusFAILURE====]]>
  </system-out>
</testsuite> <!-- testcases.HardAssert -->
