<?xml version="1.0" encoding="UTF-8"?>
<!-- Generated by org.testng.reporters.JUnitReportReporter -->
<testsuite hostname="DESKTOP-O29M3KL" failures="0" tests="1" name="testcases.CreateProductBase" time="6.943" errors="0" timestamp="2025-07-22T08:14:27 IST" skipped="0">
  <testcase classname="testcases.CreateProductBase" name="createproduct" time="6.943"/>
  <system-out>
    <![CDATA[DB Connectivity open]]>
  </system-out>
</testsuite> <!-- testcases.CreateProductBase -->
