<?xml version="1.0" encoding="UTF-8"?>
<!-- Generated by org.testng.reporters.JUnitReportReporter -->
<testsuite hostname="DESKTOP-O29M3KL" failures="0" tests="3" name="helperAttributes.Dependsonmethod" time="0.017" errors="0" timestamp="2025-07-12T08:18:11 IST" skipped="0">
  <testcase classname="helperAttributes.Dependsonmethod" name="editacc" time="0.003">
    <system-out>
      <![CDATA[edited]]>
    </system-out>
  </testcase> <!-- editacc -->
  <testcase classname="helperAttributes.Dependsonmethod" name="deleteacc" time="0.002">
    <system-out>
      <![CDATA[deletedacc]]>
    </system-out>
  </testcase> <!-- deleteacc -->
  <testcase classname="helperAttributes.Dependsonmethod" name="createacc" time="0.012">
    <system-out>
      <![CDATA[acc created]]>
    </system-out>
  </testcase> <!-- createacc -->
  <system-out>
    <![CDATA[acc created
edited
deletedacc]]>
  </system-out>
</testsuite> <!-- helperAttributes.Dependsonmethod -->
