<?xml version="1.0" encoding="UTF-8"?>
<!-- Generated by org.testng.reporters.JUnitReportReporter -->
<testsuite hostname="DESKTOP-O29M3KL" failures="0" tests="1" name="helperAttributes.dataproviderdemo" time="0.009" errors="0" timestamp="2025-07-12T20:02:27 IST" skipped="0">
  <testcase classname="helperAttributes.dataproviderdemo" name="login" time="0.009"/>
</testsuite> <!-- helperAttributes.dataproviderdemo -->
