<?xml version="1.0" encoding="UTF-8"?>
<!-- Generated by org.testng.reporters.JUnitReportReporter -->
<testsuite hostname="DESKTOP-O29M3KL" failures="0" tests="9" name="helperAttributes.DataProviderExcel" time="55.791" errors="0" timestamp="2025-07-14T08:56:04 IST" skipped="0">
  <testcase classname="helperAttributes.DataProviderExcel" name="login" time="5.845"/>
  <testcase classname="helperAttributes.DataProviderExcel" name="login" time="6.278"/>
  <testcase classname="helperAttributes.DataProviderExcel" name="login" time="6.131"/>
  <testcase classname="helperAttributes.DataProviderExcel" name="login" time="6.121"/>
  <testcase classname="helperAttributes.DataProviderExcel" name="login" time="5.971"/>
  <testcase classname="helperAttributes.DataProviderExcel" name="login" time="6.195"/>
  <testcase classname="helperAttributes.DataProviderExcel" name="login" time="6.126"/>
  <testcase classname="helperAttributes.DataProviderExcel" name="login" time="7.153"/>
  <testcase classname="helperAttributes.DataProviderExcel" name="login" time="5.971"/>
</testsuite> <!-- helperAttributes.DataProviderExcel -->
