<?xml version="1.0" encoding="UTF-8"?>
<!-- Generated by org.testng.reporters.JUnitReportReporter -->
<testsuite hostname="DESKTOP-O29M3KL" failures="0" tests="3" name="helperAttributes.Priority" time="0.028" errors="0" timestamp="2025-07-12T07:25:27 IST" skipped="0">
  <testcase classname="helperAttributes.Priority" name="bms" time="0.022">
    <system-out>
      <![CDATA[bms executed]]>
    </system-out>
  </testcase> <!-- bms -->
  <testcase classname="helperAttributes.Priority" name="amazon" time="0.003">
    <system-out>
      <![CDATA[amazon executed]]>
    </system-out>
  </testcase> <!-- amazon -->
  <testcase classname="helperAttributes.Priority" name="flipkart" time="0.003">
    <system-out>
      <![CDATA[flipkart executed]]>
    </system-out>
  </testcase> <!-- flipkart -->
  <system-out>
    <![CDATA[bms executed
amazon executed
flipkart executed]]>
  </system-out>
</testsuite> <!-- helperAttributes.Priority -->
