<?xml version="1.0" encoding="UTF-8"?>
<!-- Generated by org.testng.reporters.JUnitReportReporter -->
<testsuite hostname="DESKTOP-O29M3KL" failures="0" tests="3" name="helperAttributes.Enabled" time="0.018" errors="0" timestamp="2025-07-12T07:57:25 IST" skipped="1">
  <testcase classname="helperAttributes.Enabled" name="al10" time="0.013">
    <system-out>
      <![CDATA[al10 done]]>
    </system-out>
  </testcase> <!-- al10 -->
  <testcase classname="helperAttributes.Enabled" name="all" time="0.005">
    <system-out>
      <![CDATA[all done]]>
    </system-out>
  </testcase> <!-- all -->
  <testcase classname="helperAttributes.Enabled" name="all1">
    <skipped/>
  </testcase> <!-- all1 -->
  <system-out>
    <![CDATA[al10 done
all done]]>
  </system-out>
</testsuite> <!-- helperAttributes.Enabled -->
