<?xml version="1.0" encoding="UTF-8"?>
<!-- Generated by org.testng.reporters.JUnitReportReporter -->
<<<<<<< HEAD
<testsuite hostname="DESKTOP-O29M3KL" failures="0" tests="1" name="testcases.AssertcamstatusbaseTest" time="8.627" errors="0" timestamp="2025-07-28T08:45:52 IST" skipped="0">
  <testcase classname="testcases.AssertcamstatusbaseTest" name="campaignstatus" time="8.627">
=======
<testsuite hostname="DESKTOP-O29M3KL" failures="0" tests="1" name="testcases.AssertcamstatusbaseTest" time="7.762" errors="0" timestamp="2025-07-28T17:10:02 IST" skipped="0">
  <testcase classname="testcases.AssertcamstatusbaseTest" name="campaignstatus" time="7.762">
>>>>>>> branch 'master' of https://github.com/mvsricharan99/Advanceselenium.git
    <system-out>
      <![CDATA[====campaignstatus PASSED ====]]>
    </system-out>
  </testcase> <!-- campaignstatus -->
  <system-out>
    <![CDATA[report configuration
DB Connectivity open
====campaignstatus PASSED ====]]>
  </system-out>
</testsuite> <!-- testcases.AssertcamstatusbaseTest -->
