<?xml version="1.0" encoding="UTF-8"?>
<!-- Generated by org.testng.reporters.JUnitReportReporter -->
<testsuite hostname="DESKTOP-O29M3KL" failures="0" tests="1" name="testcases.CreateCampaignBase" time="5.980" errors="0" timestamp="2025-07-22T08:18:12 IST" skipped="0">
  <testcase classname="testcases.CreateCampaignBase" name="createcampaign" time="5.980"/>
  <system-out>
    <![CDATA[DB Connectivity open]]>
  </system-out>
</testsuite> <!-- testcases.CreateCampaignBase -->
