<?xml version="1.0" encoding="UTF-8"?>
<!-- Generated by org.testng.reporters.JUnitReportReporter -->
<testsuite hostname="DESKTOP-O29M3KL" failures="0" tests="1" name="helperAttributes.AnnotationPractice" time="0.011" errors="0" timestamp="2025-07-14T15:41:51 IST" skipped="0">
  <testcase classname="helperAttributes.AnnotationPractice" name="TC001" time="0.011">
    <system-out>
      <![CDATA[testcases done]]>
    </system-out>
  </testcase> <!-- TC001 -->
  <system-out>
    <![CDATA[DB Connectivty open
preconditions
lauching browser
login
testcases done
logout
closing browser
postconditions
DB connectivity close]]>
  </system-out>
</testsuite> <!-- helperAttributes.AnnotationPractice -->
