<?xml version="1.0" encoding="UTF-8"?>
<!-- Generated by org.testng.reporters.JUnitReportReporter -->
<testsuite hostname="DESKTOP-O29M3KL" failures="0" tests="1" name="testcases.AssertcreateprodbaseTest" time="10.291" errors="0" timestamp="2025-07-26T12:59:19 IST" skipped="0">
  <testcase classname="testcases.AssertcreateprodbaseTest" name="createproduct" time="10.291">
    <system-out>
      <![CDATA[====createproduct PASSED ====]]>
    </system-out>
  </testcase> <!-- createproduct -->
  <system-out>
    <![CDATA[report configuration
DB Connectivity open
====createproduct PASSED ====]]>
  </system-out>
</testsuite> <!-- testcases.AssertcreateprodbaseTest -->
