<?xml version="1.0" encoding="UTF-8"?>
<!-- Generated by org.testng.reporters.JUnitReportReporter -->
<testsuite hostname="DESKTOP-O29M3KL" failures="0" tests="1" name="testcases.CreateDateBase" time="4.946" errors="0" timestamp="2025-07-18T15:29:21 IST" skipped="0">
  <testcase classname="testcases.CreateDateBase" name="createdate" time="4.946"/>
  <system-out>
    <![CDATA[DB Connectivity open]]>
  </system-out>
</testsuite> <!-- testcases.CreateDateBase -->
