<?xml version="1.0" encoding="UTF-8"?>
<!-- Generated by org.testng.reporters.JUnitReportReporter -->
<testsuite hostname="DESKTOP-O29M3KL" failures="0" tests="6" name="helperAttributes.Threadpoolsize" time="35.800" errors="0" timestamp="2025-07-12T07:45:57 IST" skipped="0">
  <testcase classname="helperAttributes.Threadpoolsize" name="login" time="4.981">
    <system-out>
      <![CDATA[login executed]]>
    </system-out>
  </testcase> <!-- login -->
  <testcase classname="helperAttributes.Threadpoolsize" name="login" time="5.491">
    <system-out>
      <![CDATA[login executed]]>
    </system-out>
  </testcase> <!-- login -->
  <testcase classname="helperAttributes.Threadpoolsize" name="login" time="7.132">
    <system-out>
      <![CDATA[login executed]]>
    </system-out>
  </testcase> <!-- login -->
  <testcase classname="helperAttributes.Threadpoolsize" name="login" time="4.913">
    <system-out>
      <![CDATA[login executed]]>
    </system-out>
  </testcase> <!-- login -->
  <testcase classname="helperAttributes.Threadpoolsize" name="login" time="6.585">
    <system-out>
      <![CDATA[login executed]]>
    </system-out>
  </testcase> <!-- login -->
  <testcase classname="helperAttributes.Threadpoolsize" name="login" time="6.698">
    <system-out>
      <![CDATA[login executed]]>
    </system-out>
  </testcase> <!-- login -->
  <system-out>
    <![CDATA[login executed
login executed
login executed
login executed
login executed
login executed]]>
  </system-out>
</testsuite> <!-- helperAttributes.Threadpoolsize -->
