<?xml version="1.0" encoding="UTF-8"?>
<!-- Generated by org.testng.reporters.JUnitReportReporter -->
<testsuite hostname="DESKTOP-O29M3KL" failures="0" tests="1" name="testcases.CampaignStatusBase" time="6.071" errors="0" timestamp="2025-07-22T08:16:52 IST" skipped="0">
  <testcase classname="testcases.CampaignStatusBase" name="campaignstatus" time="6.071"/>
  <system-out>
    <![CDATA[DB Connectivity open]]>
  </system-out>
</testsuite> <!-- testcases.CampaignStatusBase -->
