<?xml version="1.0" encoding="UTF-8"?>
<!-- Generated by org.testng.reporters.JUnitReportReporter -->
<testsuite hostname="DESKTOP-O29M3KL" failures="0" tests="1" name="testcases.AssertcreatedatebaseTest" time="7.445" errors="0" timestamp="2025-07-26T12:58:58 IST" skipped="0">
  <testcase classname="testcases.AssertcreatedatebaseTest" name="createdate" time="7.445">
    <system-out>
      <![CDATA[====createdate PASSED ====]]>
    </system-out>
  </testcase> <!-- createdate -->
  <system-out>
    <![CDATA[report configuration
DB Connectivity open
====createdate PASSED ====]]>
  </system-out>
</testsuite> <!-- testcases.AssertcreatedatebaseTest -->
