<?xml version="1.0" encoding="UTF-8"?>
<!-- Generated by org.testng.reporters.JUnitReportReporter -->
<testsuite hostname="DESKTOP-O29M3KL" failures="0" tests="3" name="helperAttributes.Invocationcount" time="13.766" errors="0" timestamp="2025-07-12T07:45:35 IST" skipped="0">
  <testcase classname="helperAttributes.Invocationcount" name="login" time="4.366">
    <system-out>
      <![CDATA[execution done]]>
    </system-out>
  </testcase> <!-- login -->
  <testcase classname="helperAttributes.Invocationcount" name="login" time="4.306">
    <system-out>
      <![CDATA[execution done]]>
    </system-out>
  </testcase> <!-- login -->
  <testcase classname="helperAttributes.Invocationcount" name="login" time="5.094">
    <system-out>
      <![CDATA[execution done]]>
    </system-out>
  </testcase> <!-- login -->
  <system-out>
    <![CDATA[execution done
execution done
execution done]]>
  </system-out>
</testsuite> <!-- helperAttributes.Invocationcount -->
